2023-06-03 16:43:17.649  INFO 4176 --- [restartedMain] i.g.e.m.MsavaliadorcreditoApplication    : Starting MsavaliadorcreditoApplication using Java 20.0.1 on DESKTOP-9R5EKI9 with PID 4176 (C:\Users\Eric Nunes\workspace\microservicos\msavaliadorcredito\target\classes started by EricNunes in C:\Users\Eric Nunes\workspace\microservicos\msavaliadorcredito)
2023-06-03 16:43:17.652  INFO 4176 --- [restartedMain] i.g.e.m.MsavaliadorcreditoApplication    : No active profile set, falling back to 1 default profile: "default"
2023-06-03 16:43:17.697  INFO 4176 --- [restartedMain] .e.DevToolsPropertyDefaultsPostProcessor : Devtools property defaults active! Set 'spring.devtools.add-properties' to 'false' to disable
2023-06-03 16:43:17.697  INFO 4176 --- [restartedMain] .e.DevToolsPropertyDefaultsPostProcessor : For additional web related logging consider setting the 'logging.level.web' property to 'DEBUG'
2023-06-03 16:43:18.721  INFO 4176 --- [restartedMain] o.s.cloud.context.scope.GenericScope     : BeanFactory id=a4a93309-bb54-3f4b-b702-f09008b9df4e
2023-06-03 16:43:19.095  INFO 4176 --- [restartedMain] o.s.b.w.embedded.tomcat.TomcatWebServer  : Tomcat initialized with port(s): 0 (http)
2023-06-03 16:43:19.103  INFO 4176 --- [restartedMain] o.apache.catalina.core.StandardService   : Starting service [Tomcat]
2023-06-03 16:43:19.103  INFO 4176 --- [restartedMain] org.apache.catalina.core.StandardEngine  : Starting Servlet engine: [Apache Tomcat/9.0.62]
2023-06-03 16:43:19.176  INFO 4176 --- [restartedMain] o.a.c.c.C.[Tomcat].[localhost].[/]       : Initializing Spring embedded WebApplicationContext
2023-06-03 16:43:19.177  INFO 4176 --- [restartedMain] w.s.c.ServletWebServerApplicationContext : Root WebApplicationContext: initialization completed in 1479 ms
2023-06-03 16:43:19.449  WARN 4176 --- [restartedMain] o.s.b.d.a.OptionalLiveReloadServer       : Unable to start LiveReload server
2023-06-03 16:43:19.489  INFO 4176 --- [restartedMain] o.s.c.openfeign.FeignClientFactoryBean   : For 'msclientes' URL not provided. Will try picking an instance via load-balancing.
2023-06-03 16:43:19.534  INFO 4176 --- [restartedMain] o.s.c.openfeign.FeignClientFactoryBean   : For 'mscartoes' URL not provided. Will try picking an instance via load-balancing.
2023-06-03 16:43:20.271  INFO 4176 --- [restartedMain] DiscoveryClientOptionalArgsConfiguration : Eureka HTTP Client uses RestTemplate.
2023-06-03 16:43:20.301  WARN 4176 --- [restartedMain] iguration$LoadBalancerCaffeineWarnLogger : Spring Cloud LoadBalancer is currently working with the default cache. While this cache implementation is useful for development and tests, it's recommended to use Caffeine cache in production.You can switch to using Caffeine cache, by adding it and org.springframework.cache.caffeine.CaffeineCacheManager to the classpath.
2023-06-03 16:43:20.307  INFO 4176 --- [restartedMain] o.s.b.a.e.web.EndpointLinksResolver      : Exposing 17 endpoint(s) beneath base path '/actuator'
2023-06-03 16:43:20.381  INFO 4176 --- [restartedMain] o.s.b.w.embedded.tomcat.TomcatWebServer  : Tomcat started on port(s): 58280 (http) with context path ''
2023-06-03 16:43:20.382  INFO 4176 --- [restartedMain] .s.c.n.e.s.EurekaAutoServiceRegistration : Updating port to 58280
2023-06-03 16:43:20.385  INFO 4176 --- [restartedMain] o.s.c.n.eureka.InstanceInfoFactory       : Setting initial instance status as: STARTING
2023-06-03 16:43:20.408  INFO 4176 --- [restartedMain] com.netflix.discovery.DiscoveryClient    : Initializing Eureka in region us-east-1
2023-06-03 16:43:20.411  INFO 4176 --- [restartedMain] c.n.d.s.r.aws.ConfigClusterResolver      : Resolving eureka endpoints via configuration
2023-06-03 16:43:20.425  INFO 4176 --- [restartedMain] com.netflix.discovery.DiscoveryClient    : Disable delta property : false
2023-06-03 16:43:20.425  INFO 4176 --- [restartedMain] com.netflix.discovery.DiscoveryClient    : Single vip registry refresh property : null
2023-06-03 16:43:20.425  INFO 4176 --- [restartedMain] com.netflix.discovery.DiscoveryClient    : Force full registry fetch : false
2023-06-03 16:43:20.425  INFO 4176 --- [restartedMain] com.netflix.discovery.DiscoveryClient    : Application is null : false
2023-06-03 16:43:20.425  INFO 4176 --- [restartedMain] com.netflix.discovery.DiscoveryClient    : Registered Applications size is zero : true
2023-06-03 16:43:20.425  INFO 4176 --- [restartedMain] com.netflix.discovery.DiscoveryClient    : Application version is -1: true
2023-06-03 16:43:20.425  INFO 4176 --- [restartedMain] com.netflix.discovery.DiscoveryClient    : Getting all instance registry info from the eureka server
2023-06-03 16:43:20.672  INFO 4176 --- [restartedMain] com.netflix.discovery.DiscoveryClient    : The response status is 200
2023-06-03 16:43:20.674  INFO 4176 --- [restartedMain] com.netflix.discovery.DiscoveryClient    : Starting heartbeat executor: renew interval is: 30
2023-06-03 16:43:20.675  INFO 4176 --- [restartedMain] c.n.discovery.InstanceInfoReplicator     : InstanceInfoReplicator onDemand update allowed rate per min is 4
2023-06-03 16:43:20.679  INFO 4176 --- [restartedMain] com.netflix.discovery.DiscoveryClient    : Discovery Client initialized at timestamp 1685821400678 with initial instances count: 2
2023-06-03 16:43:20.679  INFO 4176 --- [restartedMain] o.s.c.n.e.s.EurekaServiceRegistry        : Registering application MSAVALIADORCREDITO with eureka with status UP
2023-06-03 16:43:20.680  INFO 4176 --- [restartedMain] com.netflix.discovery.DiscoveryClient    : Saw local status change event StatusChangeEvent [timestamp=1685821400680, current=UP, previous=STARTING]
2023-06-03 16:43:20.681  INFO 4176 --- [DiscoveryClient-InstanceInfoReplicator-0] com.netflix.discovery.DiscoveryClient    : DiscoveryClient_MSAVALIADORCREDITO/msavaliadorcredito:85a0b7fdb69840ddb856b89bf305f92d: registering service...
2023-06-03 16:43:20.747  INFO 4176 --- [restartedMain] i.g.e.m.MsavaliadorcreditoApplication    : Started MsavaliadorcreditoApplication in 3.486 seconds (JVM running for 4.708)
2023-06-03 16:43:20.773  INFO 4176 --- [DiscoveryClient-InstanceInfoReplicator-0] com.netflix.discovery.DiscoveryClient    : DiscoveryClient_MSAVALIADORCREDITO/msavaliadorcredito:85a0b7fdb69840ddb856b89bf305f92d - registration status: 204
2023-06-03 16:43:21.234  INFO 4176 --- [RMI TCP Connection(4)-192.168.56.1] o.s.a.r.c.CachingConnectionFactory       : Attempting to connect to: [localhost:5672]
2023-06-03 16:43:21.236  INFO 4176 --- [RMI TCP Connection(3)-192.168.56.1] o.a.c.c.C.[Tomcat].[localhost].[/]       : Initializing Spring DispatcherServlet 'dispatcherServlet'
2023-06-03 16:43:21.236  INFO 4176 --- [RMI TCP Connection(3)-192.168.56.1] o.s.web.servlet.DispatcherServlet        : Initializing Servlet 'dispatcherServlet'
2023-06-03 16:43:21.237  INFO 4176 --- [RMI TCP Connection(3)-192.168.56.1] o.s.web.servlet.DispatcherServlet        : Completed initialization in 1 ms
2023-06-03 16:43:21.273  INFO 4176 --- [RMI TCP Connection(4)-192.168.56.1] o.s.a.r.c.CachingConnectionFactory       : Created new connection: rabbitConnectionFactory#68b211a2:0/SimpleConnection@5dce5f94 [delegate=amqp://guest@127.0.0.1:5672/, localPort= 58284]
